INFO:root:Running handler on cremposting.
INFO:root:2020-04-25 17:08:46.335060
INFO:root:Logging in...
INFO:root:Logged!
INFO:root:Deleting bad replies.
INFO:root:Opening sub...
INFO:root:Sub opened!
INFO:root:Getting posts...
INFO:root:-------------------------------------------------------
https://www.reddit.com/r/cremposting/comments/b18ct5/announcing_the_monthly_mods_choice_awards/
INFO:root:Post was archived
INFO:root:-------------------------------------------------------
https://www.reddit.com/r/cremposting/comments/fr8m7l/best_of_2019_awards_and_25k_subs/
INFO:root:-------------------------------------------------------
https://i.redd.it/pmrk2t9znyu41.jpg
INFO:root:Found matching comment!
INFO:root:If only the US had similar restrictions...
INFO:root:
Ending:had similar restrictions
Amount:3
INFO:root:We have this value for the ending: "had similar restrictions", AMOUNT = 3
INFO:root:We have this value for the ending: "similar restrictions", AMOUNT = 2
INFO:root:We achieved the following completion on 2 words:
None
INFO:root:Completion: None
INFO:root:-------------------------------------------------------
https://i.redd.it/f7xx1mj98zu41.jpg
INFO:root:-------------------------------------------------------
https://i.redd.it/lnj5ajornxu41.jpg
INFO:root:-------------------------------------------------------
https://i.redd.it/jzvjbavokwu41.jpg
INFO:root:-------------------------------------------------------
https://i.redd.it/0enwsvjmmuu41.jpg
INFO:root:-------------------------------------------------------
https://i.redd.it/f4uwcyh7gzu41.jpg
INFO:root:-------------------------------------------------------
https://v.redd.it/jfg23l0kcwu41
INFO:root:-------------------------------------------------------
https://i.redd.it/rd84p16xf0v41.jpg
INFO:root:-------------------------------------------------------
https://i.redd.it/yoibrxg7qzu41.png
INFO:root:-------------------------------------------------------
https://i.redd.it/a9o15k69mzu41.jpg
INFO:root:Found matching comment!
INFO:root:Aged well, like fine wine... or Dalinar...
INFO:root:
Ending:wine... or Dalinar
Amount:3
INFO:root:We have this value for the ending: "wine... or Dalinar", AMOUNT = 3
INFO:root:We have this value for the ending: "or Dalinar", AMOUNT = 2
INFO:root:We achieved the following completion on 2 words:
None
INFO:root:Completion: None
INFO:root:-------------------------------------------------------
https://i.redd.it/mhhbkqrd9zu41.jpg
INFO:root:-------------------------------------------------------
https://i.redd.it/jv1fqrl9fsu41.png
INFO:root:Already replied to comment
INFO:root:-------------------------------------------------------
https://i.redd.it/b3d94n0r0wu41.jpg
INFO:root:-------------------------------------------------------
https://i.redd.it/aq5rlm1k1yu41.png
INFO:root:-------------------------------------------------------
https://i.redd.it/3xtdui32gzu41.jpg
INFO:root:Found matching comment!
INFO:root: you. Believe it or not, Warbreaker made me cry...
INFO:root:
Ending:made me cry
Amount:3
INFO:root:We have this value for the ending: "made me cry", AMOUNT = 3
INFO:root:We have this value for the ending: "me cry", AMOUNT = 2
INFO:root:We achieved the following completion on 2 words:
None
INFO:root:Completion: None
INFO:root:Adding comment to failures...
INFO:root:Comment added to failures.
INFO:root:-------------------------------------------------------
http://reddit.com/r/ATBGE/comments/g7puue/cadillack_of_taste/
INFO:root:-------------------------------------------------------
https://i.redd.it/66fkgv1nvsu41.jpg
INFO:root:-------------------------------------------------------
https://youtu.be/ktVIYTA4DVo
INFO:root:-------------------------------------------------------
https://i.imgur.com/PDHlw4S.jpg
INFO:root:-------------------------------------------------------
https://www.reddit.com/r/cremposting/comments/g7iem4/where_were_you_when_shallan_did_cast/
INFO:root:-------------------------------------------------------
https://i.redd.it/bm5bxu7reou41.jpg
INFO:root:Couldn't find author.
INFO:root:Couldn't find author.
INFO:root:Found matching comment!
INFO:root:eturn.... I bet his ancestors were part aimian....
INFO:root:
Ending:were part aimian
Amount:3
INFO:root:We have this value for the ending: "were part aimian", AMOUNT = 3
INFO:root:We have this value for the ending: "part aimian", AMOUNT = 2
INFO:root:We achieved the following completion on 2 words:
None
INFO:root:Completion: None
INFO:root:-------------------------------------------------------
https://i.redd.it/m8bt7ztwssu41.png
INFO:root:-------------------------------------------------------
https://i.redd.it/x9iotira3ru41.png
INFO:root:-------------------------------------------------------
https://i.redd.it/7y213yz7esu41.jpg
INFO:root:-------------------------------------------------------
https://i.redd.it/edr8nocgmqu41.png
INFO:root:-------------------------------------------------------
https://i.redd.it/jgqpnnbfqru41.png
INFO:root:-------------------------------------------------------
https://i.redd.it/dvi1vhjajou41.jpg
INFO:root:-------------------------------------------------------
https://i.redd.it/d47g2ppypqu41.png
INFO:root:-------------------------------------------------------
The replies in this run:
INFO:root:-------------------------------------------------------
In this run we added 0 comments to the database.
The database has a total of 224 comments.
INFO:root:Running handler on freefolk.
INFO:root:2020-04-25 17:09:08.371556
INFO:root:Logging in...
INFO:root:Logged!
INFO:root:Deleting bad replies.
INFO:root:Opening sub...
INFO:root:Sub opened!
INFO:root:Getting posts...
INFO:root:-------------------------------------------------------
https://www.reddit.com/r/freefolk/comments/g7pwbs/daily_rfreefolk_free_talk_thread_april_25_2020/
INFO:root:Found matching comment!
INFO:root:sa in their promotion of the show post-Season 8...
INFO:root:
Ending:show post-Season 8
Amount:3
INFO:root:We have this value for the ending: "show post-Season 8", AMOUNT = 3
INFO:root:We have this value for the ending: "post-Season 8", AMOUNT = 2
INFO:root:We achieved the following completion on 2 words:
None
INFO:root:Completion: None
INFO:root:Already replied to comment
INFO:root:-------------------------------------------------------
https://i.redd.it/eprf35jrkyu41.jpg
INFO:root:Found matching comment!
INFO:root: and would have undoubtedly given a great scene...
INFO:root:
Ending:a great scene
Amount:3
INFO:root:We have this value for the ending: "a great scene", AMOUNT = 3
INFO:root:We have this value for the ending: "great scene", AMOUNT = 2
INFO:root:We achieved the following completion on 2 words:
None
INFO:root:Completion: None
INFO:root:Found matching comment!
INFO:root:back and be the sweet summer child I was again....
INFO:root:
Ending:I was again
Amount:3
INFO:root:We have this value for the ending: "I was again", AMOUNT = 3
INFO:root:We have this value for the ending: "was again", AMOUNT = 2
INFO:root:We achieved the following completion on 2 words:
None
INFO:root:Completion: None
INFO:root:Adding comment to failures...
INFO:root:Comment added to failures.
INFO:root:Found matching comment!
INFO:root: he knew she'd get howland... but nope, nothing...
INFO:root:
Ending:but nope, nothing
Amount:3
INFO:root:We have this value for the ending: "but nope, nothing", AMOUNT = 3
INFO:root:We have this value for the ending: "nope, nothing", AMOUNT = 2
INFO:root:We achieved the following completion on 2 words:
None
INFO:root:Completion: None
INFO:root:Found matching comment!
INFO:root:f it. I thought the show was cancelled after S5...
INFO:root:
Ending:cancelled after S5
Amount:3
INFO:root:We have this value for the ending: "cancelled after S5", AMOUNT = 3
INFO:root:We have this value for the ending: "after S5", AMOUNT = 2
INFO:root:We achieved the following completion on 2 words:
None
INFO:root:Completion: None
INFO:root:Already replied to comment
INFO:root:-------------------------------------------------------
https://i.redd.it/5ptmsrsbivu41.png
INFO:root:Already replied to comment
INFO:root:Couldn't find author.
INFO:root:Found matching comment!
INFO:root:To even call them equivalent is a damn travesty...
INFO:root:
Ending:a damn travesty
Amount:3
INFO:root:We have this value for the ending: "a damn travesty", AMOUNT = 3
INFO:root:We have this value for the ending: "damn travesty", AMOUNT = 2
INFO:root:We achieved the following completion on 2 words:
None
INFO:root:Completion: None
INFO:root:Couldn't find author.
INFO:root:-------------------------------------------------------
https://i.redd.it/47bbjyj5yxu41.jpg
INFO:root:-------------------------------------------------------
https://i.redd.it/ho2tnfxrdyu41.jpg
INFO:root:-------------------------------------------------------
https://i.redd.it/amw5xq465ru41.png
INFO:root:Found matching comment!
INFO:root:son 5 was acceptable but season 7 & 8 are well....
INFO:root:
Ending:8 are well
Amount:3
INFO:root:We have this value for the ending: "8 are well", AMOUNT = 3
INFO:root:We have this value for the ending: "are well", AMOUNT = 2
INFO:root:We have obtained this completion inside complete_with_model: "None". The condition for loop is True
INFO:root:We achieved the following completion on 2 words:
None
INFO:root:Completion: None
INFO:root:Found matching comment!
INFO:root:t glance I thought this would be a Witcher meme...
INFO:root:
Ending:a Witcher meme
Amount:3
INFO:root:We have this value for the ending: "a Witcher meme", AMOUNT = 3
INFO:root:We have this value for the ending: "Witcher meme", AMOUNT = 2
INFO:root:We achieved the following completion on 2 words:
None
INFO:root:Completion: None
INFO:root:Found matching comment!
INFO:root:Some, but the week just drags on...
INFO:root:
Ending:just drags on
Amount:3
INFO:root:We have this value for the ending: "just drags on", AMOUNT = 3
INFO:root:We have this value for the ending: "drags on", AMOUNT = 2
INFO:root:We achieved the following completion on 2 words:
None
INFO:root:Completion: None
INFO:root:Couldn't find author.
INFO:root:Couldn't find author.
INFO:root:Already replied to comment
INFO:root:Found matching comment!
INFO:root:Wind's howling...
INFO:root:Could not return three words
INFO:root:
Ending:Wind's howling
Amount:2
INFO:root:We have this value for the ending: "Wind's howling", AMOUNT = 2
INFO:root:We achieved the following completion on 2 words:
None
INFO:root:Completion: None
INFO:root:Found matching comment!
INFO:root:Fuck...
INFO:root:Could not return three words
INFO:root:Could not return two words
INFO:root:
Ending:Fuck
Amount:1
INFO:root:We have this value for the ending: "Fuck", AMOUNT = 1
INFO:root:We have obtained this completion inside complete_with_model: "None". The condition for loop is True
INFO:root:We achieved the following completion on 1 word:
None
INFO:root:Completion: None
INFO:root:Found matching comment!
INFO:root:I think that's also a Rodriguez quote...
INFO:root:
Ending:a Rodriguez quote
Amount:3
INFO:root:We have this value for the ending: "a Rodriguez quote", AMOUNT = 3
INFO:root:We have this value for the ending: "Rodriguez quote", AMOUNT = 2
INFO:root:We achieved the following completion on 2 words:
None
INFO:root:Completion: None
INFO:root:Already replied to comment
INFO:root:Found matching comment!
INFO:root:Fuck...
INFO:root:Could not return three words
INFO:root:Could not return two words
INFO:root:
Ending:Fuck
Amount:1
INFO:root:We have this value for the ending: "Fuck", AMOUNT = 1
INFO:root:We have obtained this completion inside complete_with_model: "None". The condition for loop is True
INFO:root:We achieved the following completion on 1 word:
None
INFO:root:Completion: None
INFO:root:Found matching comment!
INFO:root:Hmmmmmmm.....
INFO:root:Could not return three words
INFO:root:Could not return two words
INFO:root:
Ending:Hmmmmmmm
Amount:1
INFO:root:We have this value for the ending: "Hmmmmmmm", AMOUNT = 1
INFO:root:We achieved the following completion on 1 word:
None
INFO:root:Completion: None
INFO:root:Found matching comment!
INFO:root:Bobby B is evolving beyond our understanding...
INFO:root:
Ending:beyond our understanding
Amount:3
INFO:root:We have this value for the ending: "beyond our understanding", AMOUNT = 3
INFO:root:We have this value for the ending: "our understanding", AMOUNT = 2
INFO:root:We achieved the following completion on 2 words:
None
INFO:root:Completion: None
INFO:root:-------------------------------------------------------
https://i.redd.it/eur5bf9vnzu41.jpg
INFO:root:Found matching comment!
INFO:root: other hand with regard to historical veracity ...
INFO:root:Could not return three words
INFO:root:Could not return two words
INFO:root:Could not return one word
INFO:root:
Ending:None
Amount:0
INFO:root:Completion: None
INFO:root:-------------------------------------------------------
https://i.redd.it/87cfsxqyvzu41.png
INFO:root:-------------------------------------------------------
https://imgur.com/YrFg5qj
INFO:root:-------------------------------------------------------
https://i.redd.it/xdkkuk007zu41.jpg
INFO:root:Found matching comment!
INFO:root:nt these people were chosen to lead the project...
INFO:root:
Ending:lead the project
Amount:3
INFO:root:We have this value for the ending: "lead the project", AMOUNT = 3
INFO:root:We have this value for the ending: "the project", AMOUNT = 2
INFO:root:We achieved the following completion on 2 words:
None
INFO:root:Completion: None
INFO:root:Adding comment to failures...
INFO:root:Comment added to failures.
INFO:root:-------------------------------------------------------
https://i.redd.it/4pbk3p20fxu41.png
INFO:root:-------------------------------------------------------
https://i.redd.it/yn0oo6tsfwu41.jpg
INFO:root:-------------------------------------------------------
https://i.redd.it/2rnzyzychzu41.jpg
INFO:root:-------------------------------------------------------
https://i.redd.it/s1r6lk6tpyu41.jpg
INFO:root:-------------------------------------------------------
https://i.redd.it/xr34542d7uu41.jpg
INFO:root:-------------------------------------------------------
https://i.redd.it/3fs8m1f9jyu41.png
INFO:root:-------------------------------------------------------
https://i.redd.it/hnkm0g1tkxu41.jpg
INFO:root:-------------------------------------------------------
https://i.redd.it/tfqimlvjp0v41.jpg
INFO:root:-------------------------------------------------------
https://imgur.com/a/ZhYc3rO
INFO:root:-------------------------------------------------------
https://i.redd.it/a0xtufy9usu41.jpg
INFO:root:-------------------------------------------------------
https://i.redd.it/gad628j44tu41.jpg
INFO:root:-------------------------------------------------------
https://i.redd.it/x61if0yd1uu41.jpg
INFO:root:-------------------------------------------------------
https://www.reddit.com/r/freefolk/comments/g7q3oq/i_cant_wait_for_the_day_years_or_down_the_road/
INFO:root:-------------------------------------------------------
https://www.reddit.com/r/freefolk/comments/g7yd7g/i_have_never_watched_got_after_years_of_being/
INFO:root:-------------------------------------------------------
https://www.reddit.com/r/freefolk/comments/g7zyuq/why_arent_hbo_just_having_a_do_over_of_seasons_7_8/
INFO:root:-------------------------------------------------------
https://i.redd.it/a7zzyfzmvxu41.png
INFO:root:-------------------------------------------------------
https://i.redd.it/pued8e23jyu41.jpg
INFO:root:-------------------------------------------------------
https://i.redd.it/uirqhpg1k0v41.jpg
INFO:root:-------------------------------------------------------
https://i.redd.it/xh1dv9rrh0v41.jpg
INFO:root:-------------------------------------------------------
https://i.redd.it/dmeq00ef7uu41.jpg
INFO:root:Already replied to comment
INFO:root:Found matching comment!
INFO:root:the actor had a chat with them about the script...
INFO:root:
Ending:about the script
Amount:3
INFO:root:We have this value for the ending: "about the script", AMOUNT = 3
INFO:root:We have this value for the ending: "the script", AMOUNT = 2
INFO:root:We achieved the following completion on 2 words:
None
INFO:root:Completion: None
INFO:root:-------------------------------------------------------
The replies in this run:
INFO:root:-------------------------------------------------------
In this run we added 0 comments to the database.
The database has a total of 224 comments.
